15-Mar-2024 02:34:10.992 SEVERE [main] org.apache.catalina.core.ApplicationContext.log Servlet.init() for servlet [ApplicationConfig] threw exception
	java.lang.ExceptionInInitializerError
		at ApplicationConfig.getProperties(ApplicationConfig.java:14)
		at org.glassfish.jersey.server.ResourceConfig$WrappingResourceConfig.mergeApplications(ResourceConfig.java:1183)
		at org.glassfish.jersey.server.ResourceConfig$WrappingResourceConfig._setApplication(ResourceConfig.java:1120)
		at org.glassfish.jersey.server.ResourceConfig.setApplication(ResourceConfig.java:1072)
		at org.glassfish.jersey.server.ApplicationConfigurator.init(ApplicationConfigurator.java:72)
		at org.glassfish.jersey.server.ApplicationHandler.lambda$initialize$0(ApplicationHandler.java:307)
		at java.base/java.util.Arrays$ArrayList.forEach(Arrays.java:4204)
		at org.glassfish.jersey.server.ApplicationHandler.initialize(ApplicationHandler.java:307)
		at org.glassfish.jersey.server.ApplicationHandler.<init>(ApplicationHandler.java:274)
		at org.glassfish.jersey.servlet.WebComponent.<init>(WebComponent.java:311)
		at org.glassfish.jersey.servlet.ServletContainer.init(ServletContainer.java:154)
		at org.glassfish.jersey.servlet.ServletContainer.init(ServletContainer.java:338)
		at jakarta.servlet.GenericServlet.init(GenericServlet.java:143)
		at jakarta.servlet.http.HttpServlet.init(HttpServlet.java:121)
		at org.apache.catalina.core.StandardWrapper.initServlet(StandardWrapper.java:944)
		at org.apache.catalina.core.StandardWrapper.load(StandardWrapper.java:808)
		at org.apache.catalina.core.StandardContext.loadOnStartup(StandardContext.java:4617)
		at org.apache.catalina.core.StandardContext.startInternal(StandardContext.java:4910)
		at org.apache.catalina.util.LifecycleBase.start(LifecycleBase.java:171)
		at org.apache.catalina.core.ContainerBase.addChildInternal(ContainerBase.java:683)
		at org.apache.catalina.core.ContainerBase.addChild(ContainerBase.java:658)
		at org.apache.catalina.core.StandardHost.addChild(StandardHost.java:712)
		at org.apache.catalina.startup.HostConfig.deployDescriptor(HostConfig.java:635)
		at org.apache.catalina.startup.HostConfig$DeployDescriptor.run(HostConfig.java:1889)
		at java.base/java.util.concurrent.Executors$RunnableAdapter.call(Executors.java:539)
		at java.base/java.util.concurrent.FutureTask.run(FutureTask.java:264)
		at org.apache.tomcat.util.threads.InlineExecutorService.execute(InlineExecutorService.java:75)
		at java.base/java.util.concurrent.AbstractExecutorService.submit(AbstractExecutorService.java:123)
		at org.apache.catalina.startup.HostConfig.deployDescriptors(HostConfig.java:530)
		at org.apache.catalina.startup.HostConfig.deployApps(HostConfig.java:421)
		at org.apache.catalina.startup.HostConfig.start(HostConfig.java:1629)
		at org.apache.catalina.startup.HostConfig.lifecycleEvent(HostConfig.java:303)
		at org.apache.catalina.util.LifecycleBase.fireLifecycleEvent(LifecycleBase.java:114)
		at org.apache.catalina.util.LifecycleBase.setStateInternal(LifecycleBase.java:402)
		at org.apache.catalina.util.LifecycleBase.setState(LifecycleBase.java:345)
		at org.apache.catalina.core.ContainerBase.startInternal(ContainerBase.java:893)
		at org.apache.catalina.core.StandardHost.startInternal(StandardHost.java:845)
		at org.apache.catalina.util.LifecycleBase.start(LifecycleBase.java:171)
		at org.apache.catalina.core.ContainerBase$StartChild.call(ContainerBase.java:1332)
		at org.apache.catalina.core.ContainerBase$StartChild.call(ContainerBase.java:1322)
		at java.base/java.util.concurrent.FutureTask.run(FutureTask.java:264)
		at org.apache.tomcat.util.threads.InlineExecutorService.execute(InlineExecutorService.java:75)
		at java.base/java.util.concurrent.AbstractExecutorService.submit(AbstractExecutorService.java:145)
		at org.apache.catalina.core.ContainerBase.startInternal(ContainerBase.java:866)
		at org.apache.catalina.core.StandardEngine.startInternal(StandardEngine.java:240)
		at org.apache.catalina.util.LifecycleBase.start(LifecycleBase.java:171)
		at org.apache.catalina.core.StandardService.startInternal(StandardService.java:433)
		at org.apache.catalina.util.LifecycleBase.start(LifecycleBase.java:171)
		at org.apache.catalina.core.StandardServer.startInternal(StandardServer.java:921)
		at org.apache.catalina.util.LifecycleBase.start(LifecycleBase.java:171)
		at org.apache.catalina.startup.Catalina.start(Catalina.java:757)
		at java.base/jdk.internal.reflect.NativeMethodAccessorImpl.invoke0(Native Method)
		at java.base/jdk.internal.reflect.NativeMethodAccessorImpl.invoke(NativeMethodAccessorImpl.java:77)
		at java.base/jdk.internal.reflect.DelegatingMethodAccessorImpl.invoke(DelegatingMethodAccessorImpl.java:43)
		at java.base/java.lang.reflect.Method.invoke(Method.java:568)
		at org.apache.catalina.startup.Bootstrap.start(Bootstrap.java:345)
		at org.apache.catalina.startup.Bootstrap.main(Bootstrap.java:476)
	Caused by: jakarta.persistence.PersistenceException: No Persistence provider for EntityManager named unasat_persistence
		at jakarta.persistence.Persistence.createEntityManagerFactory(Persistence.java:86)
		at jakarta.persistence.Persistence.createEntityManagerFactory(Persistence.java:55)
		at configuration.JPAConfiguration.<clinit>(JPAConfiguration.java:10)
		... 57 more
15-Mar-2024 02:34:10.992 SEVERE [main] org.apache.catalina.core.StandardContext.loadOnStartup Servlet [ApplicationConfig] in web application [/api] threw load() exception
	jakarta.persistence.PersistenceException: No Persistence provider for EntityManager named unasat_persistence
		at jakarta.persistence.Persistence.createEntityManagerFactory(Persistence.java:86)
		at jakarta.persistence.Persistence.createEntityManagerFactory(Persistence.java:55)
		at configuration.JPAConfiguration.<clinit>(JPAConfiguration.java:10)
		at ApplicationConfig.getProperties(ApplicationConfig.java:14)
		at org.glassfish.jersey.server.ResourceConfig$WrappingResourceConfig.mergeApplications(ResourceConfig.java:1183)
		at org.glassfish.jersey.server.ResourceConfig$WrappingResourceConfig._setApplication(ResourceConfig.java:1120)
		at org.glassfish.jersey.server.ResourceConfig.setApplication(ResourceConfig.java:1072)
		at org.glassfish.jersey.server.ApplicationConfigurator.init(ApplicationConfigurator.java:72)
		at org.glassfish.jersey.server.ApplicationHandler.lambda$initialize$0(ApplicationHandler.java:307)
		at java.base/java.util.Arrays$ArrayList.forEach(Arrays.java:4204)
		at org.glassfish.jersey.server.ApplicationHandler.initialize(ApplicationHandler.java:307)
		at org.glassfish.jersey.server.ApplicationHandler.<init>(ApplicationHandler.java:274)
		at org.glassfish.jersey.servlet.WebComponent.<init>(WebComponent.java:311)
		at org.glassfish.jersey.servlet.ServletContainer.init(ServletContainer.java:154)
		at org.glassfish.jersey.servlet.ServletContainer.init(ServletContainer.java:338)
		at jakarta.servlet.GenericServlet.init(GenericServlet.java:143)
		at jakarta.servlet.http.HttpServlet.init(HttpServlet.java:121)
		at org.apache.catalina.core.StandardWrapper.initServlet(StandardWrapper.java:944)
		at org.apache.catalina.core.StandardWrapper.load(StandardWrapper.java:808)
		at org.apache.catalina.core.StandardContext.loadOnStartup(StandardContext.java:4617)
		at org.apache.catalina.core.StandardContext.startInternal(StandardContext.java:4910)
		at org.apache.catalina.util.LifecycleBase.start(LifecycleBase.java:171)
		at org.apache.catalina.core.ContainerBase.addChildInternal(ContainerBase.java:683)
		at org.apache.catalina.core.ContainerBase.addChild(ContainerBase.java:658)
		at org.apache.catalina.core.StandardHost.addChild(StandardHost.java:712)
		at org.apache.catalina.startup.HostConfig.deployDescriptor(HostConfig.java:635)
		at org.apache.catalina.startup.HostConfig$DeployDescriptor.run(HostConfig.java:1889)
		at java.base/java.util.concurrent.Executors$RunnableAdapter.call(Executors.java:539)
		at java.base/java.util.concurrent.FutureTask.run(FutureTask.java:264)
		at org.apache.tomcat.util.threads.InlineExecutorService.execute(InlineExecutorService.java:75)
		at java.base/java.util.concurrent.AbstractExecutorService.submit(AbstractExecutorService.java:123)
		at org.apache.catalina.startup.HostConfig.deployDescriptors(HostConfig.java:530)
		at org.apache.catalina.startup.HostConfig.deployApps(HostConfig.java:421)
		at org.apache.catalina.startup.HostConfig.start(HostConfig.java:1629)
		at org.apache.catalina.startup.HostConfig.lifecycleEvent(HostConfig.java:303)
		at org.apache.catalina.util.LifecycleBase.fireLifecycleEvent(LifecycleBase.java:114)
		at org.apache.catalina.util.LifecycleBase.setStateInternal(LifecycleBase.java:402)
		at org.apache.catalina.util.LifecycleBase.setState(LifecycleBase.java:345)
		at org.apache.catalina.core.ContainerBase.startInternal(ContainerBase.java:893)
		at org.apache.catalina.core.StandardHost.startInternal(StandardHost.java:845)
		at org.apache.catalina.util.LifecycleBase.start(LifecycleBase.java:171)
		at org.apache.catalina.core.ContainerBase$StartChild.call(ContainerBase.java:1332)
		at org.apache.catalina.core.ContainerBase$StartChild.call(ContainerBase.java:1322)
		at java.base/java.util.concurrent.FutureTask.run(FutureTask.java:264)
		at org.apache.tomcat.util.threads.InlineExecutorService.execute(InlineExecutorService.java:75)
		at java.base/java.util.concurrent.AbstractExecutorService.submit(AbstractExecutorService.java:145)
		at org.apache.catalina.core.ContainerBase.startInternal(ContainerBase.java:866)
		at org.apache.catalina.core.StandardEngine.startInternal(StandardEngine.java:240)
		at org.apache.catalina.util.LifecycleBase.start(LifecycleBase.java:171)
		at org.apache.catalina.core.StandardService.startInternal(StandardService.java:433)
		at org.apache.catalina.util.LifecycleBase.start(LifecycleBase.java:171)
		at org.apache.catalina.core.StandardServer.startInternal(StandardServer.java:921)
		at org.apache.catalina.util.LifecycleBase.start(LifecycleBase.java:171)
		at org.apache.catalina.startup.Catalina.start(Catalina.java:757)
		at java.base/jdk.internal.reflect.NativeMethodAccessorImpl.invoke0(Native Method)
		at java.base/jdk.internal.reflect.NativeMethodAccessorImpl.invoke(NativeMethodAccessorImpl.java:77)
		at java.base/jdk.internal.reflect.DelegatingMethodAccessorImpl.invoke(DelegatingMethodAccessorImpl.java:43)
		at java.base/java.lang.reflect.Method.invoke(Method.java:568)
		at org.apache.catalina.startup.Bootstrap.start(Bootstrap.java:345)
		at org.apache.catalina.startup.Bootstrap.main(Bootstrap.java:476)
15-Mar-2024 02:34:21.703 SEVERE [http-nio-8080-exec-5] org.apache.catalina.core.StandardWrapperValve.invoke Servlet.service() for servlet [ApplicationConfig] in context with path [/api] threw exception [A MultiException has 2 exceptions.  They are:
1. jakarta.persistence.PersistenceException: No Persistence provider for EntityManager named unasat_persistence
2. java.lang.IllegalStateException: Unable to perform operation: create on controller.BoekController
] with root cause
	jakarta.persistence.PersistenceException: No Persistence provider for EntityManager named unasat_persistence
		at jakarta.persistence.Persistence.createEntityManagerFactory(Persistence.java:86)
		at jakarta.persistence.Persistence.createEntityManagerFactory(Persistence.java:55)
		at controller.BoekController.<init>(BoekController.java:19)
		at java.base/jdk.internal.reflect.NativeConstructorAccessorImpl.newInstance0(Native Method)
		at java.base/jdk.internal.reflect.NativeConstructorAccessorImpl.newInstance(NativeConstructorAccessorImpl.java:77)
		at java.base/jdk.internal.reflect.DelegatingConstructorAccessorImpl.newInstance(DelegatingConstructorAccessorImpl.java:45)
		at java.base/java.lang.reflect.Constructor.newInstanceWithCaller(Constructor.java:499)
		at java.base/java.lang.reflect.Constructor.newInstance(Constructor.java:480)
		at org.glassfish.hk2.utilities.reflection.ReflectionHelper.makeMe(ReflectionHelper.java:1356)
		at org.jvnet.hk2.internal.ClazzCreator.createMe(ClazzCreator.java:271)
		at org.jvnet.hk2.internal.ClazzCreator.create(ClazzCreator.java:395)
		at org.jvnet.hk2.internal.SystemDescriptor.create(SystemDescriptor.java:466)
		at org.glassfish.jersey.inject.hk2.RequestContext.findOrCreate(RequestContext.java:59)
		at org.jvnet.hk2.internal.Utilities.createService(Utilities.java:2109)
		at org.jvnet.hk2.internal.ServiceLocatorImpl.internalGetService(ServiceLocatorImpl.java:769)
		at org.jvnet.hk2.internal.ServiceLocatorImpl.internalGetService(ServiceLocatorImpl.java:732)
		at org.jvnet.hk2.internal.ServiceLocatorImpl.getService(ServiceLocatorImpl.java:702)
		at org.glassfish.jersey.inject.hk2.AbstractHk2InjectionManager.getInstance(AbstractHk2InjectionManager.java:160)
		at org.glassfish.jersey.inject.hk2.ImmediateHk2InjectionManager.getInstance(ImmediateHk2InjectionManager.java:30)
		at org.glassfish.jersey.internal.inject.Injections.getOrCreate(Injections.java:122)
		at org.glassfish.jersey.server.model.MethodHandler$ClassBasedMethodHandler.getInstance(MethodHandler.java:260)
		at org.glassfish.jersey.server.internal.routing.PushMethodHandlerRouter.apply(PushMethodHandlerRouter.java:51)
		at org.glassfish.jersey.server.internal.routing.RoutingStage._apply(RoutingStage.java:86)
		at org.glassfish.jersey.server.internal.routing.RoutingStage._apply(RoutingStage.java:89)
		at org.glassfish.jersey.server.internal.routing.RoutingStage._apply(RoutingStage.java:89)
		at org.glassfish.jersey.server.internal.routing.RoutingStage._apply(RoutingStage.java:89)
		at org.glassfish.jersey.server.internal.routing.RoutingStage._apply(RoutingStage.java:89)
		at org.glassfish.jersey.server.internal.routing.RoutingStage.apply(RoutingStage.java:69)
		at org.glassfish.jersey.server.internal.routing.RoutingStage.apply(RoutingStage.java:38)
		at org.glassfish.jersey.process.internal.Stages.process(Stages.java:173)
		at org.glassfish.jersey.server.ServerRuntime$1.run(ServerRuntime.java:253)
		at org.glassfish.jersey.internal.Errors$1.call(Errors.java:248)
		at org.glassfish.jersey.internal.Errors$1.call(Errors.java:244)
		at org.glassfish.jersey.internal.Errors.process(Errors.java:292)
		at org.glassfish.jersey.internal.Errors.process(Errors.java:274)
		at org.glassfish.jersey.internal.Errors.process(Errors.java:244)
		at org.glassfish.jersey.process.internal.RequestScope.runInScope(RequestScope.java:265)
		at org.glassfish.jersey.server.ServerRuntime.process(ServerRuntime.java:240)
		at org.glassfish.jersey.server.ApplicationHandler.handle(ApplicationHandler.java:697)
		at org.glassfish.jersey.servlet.WebComponent.serviceImpl(WebComponent.java:394)
		at org.glassfish.jersey.servlet.WebComponent.service(WebComponent.java:346)
		at org.glassfish.jersey.servlet.ServletContainer.service(ServletContainer.java:357)
		at org.glassfish.jersey.servlet.ServletContainer.service(ServletContainer.java:311)
		at org.glassfish.jersey.servlet.ServletContainer.service(ServletContainer.java:205)
		at org.apache.catalina.core.ApplicationFilterChain.internalDoFilter(ApplicationFilterChain.java:205)
		at org.apache.catalina.core.ApplicationFilterChain.doFilter(ApplicationFilterChain.java:149)
		at org.apache.tomcat.websocket.server.WsFilter.doFilter(WsFilter.java:51)
		at org.apache.catalina.core.ApplicationFilterChain.internalDoFilter(ApplicationFilterChain.java:174)
		at org.apache.catalina.core.ApplicationFilterChain.doFilter(ApplicationFilterChain.java:149)
		at org.apache.catalina.core.StandardWrapperValve.invoke(StandardWrapperValve.java:167)
		at org.apache.catalina.core.StandardContextValve.invoke(StandardContextValve.java:90)
		at org.apache.catalina.authenticator.AuthenticatorBase.invoke(AuthenticatorBase.java:482)
		at org.apache.catalina.core.StandardHostValve.invoke(StandardHostValve.java:115)
		at org.apache.catalina.valves.ErrorReportValve.invoke(ErrorReportValve.java:93)
		at org.apache.catalina.valves.AbstractAccessLogValve.invoke(AbstractAccessLogValve.java:673)
		at org.apache.catalina.core.StandardEngineValve.invoke(StandardEngineValve.java:74)
		at org.apache.catalina.connector.CoyoteAdapter.service(CoyoteAdapter.java:344)
		at org.apache.coyote.http11.Http11Processor.service(Http11Processor.java:391)
		at org.apache.coyote.AbstractProcessorLight.process(AbstractProcessorLight.java:63)
		at org.apache.coyote.AbstractProtocol$ConnectionHandler.process(AbstractProtocol.java:896)
		at org.apache.tomcat.util.net.NioEndpoint$SocketProcessor.doRun(NioEndpoint.java:1744)
		at org.apache.tomcat.util.net.SocketProcessorBase.run(SocketProcessorBase.java:52)
		at org.apache.tomcat.util.threads.ThreadPoolExecutor.runWorker(ThreadPoolExecutor.java:1191)
		at org.apache.tomcat.util.threads.ThreadPoolExecutor$Worker.run(ThreadPoolExecutor.java:659)
		at org.apache.tomcat.util.threads.TaskThread$WrappingRunnable.run(TaskThread.java:63)
		at java.base/java.lang.Thread.run(Thread.java:842)
15-Mar-2024 02:34:39.768 SEVERE [http-nio-8080-exec-9] org.apache.catalina.core.StandardWrapperValve.invoke Servlet.service() for servlet [ApplicationConfig] in context with path [/api] threw exception [A MultiException has 2 exceptions.  They are:
1. jakarta.persistence.PersistenceException: No Persistence provider for EntityManager named unasat_persistence
2. java.lang.IllegalStateException: Unable to perform operation: create on controller.BoekController
] with root cause
	jakarta.persistence.PersistenceException: No Persistence provider for EntityManager named unasat_persistence
		at jakarta.persistence.Persistence.createEntityManagerFactory(Persistence.java:86)
		at jakarta.persistence.Persistence.createEntityManagerFactory(Persistence.java:55)
		at controller.BoekController.<init>(BoekController.java:19)
		at java.base/jdk.internal.reflect.NativeConstructorAccessorImpl.newInstance0(Native Method)
		at java.base/jdk.internal.reflect.NativeConstructorAccessorImpl.newInstance(NativeConstructorAccessorImpl.java:77)
		at java.base/jdk.internal.reflect.DelegatingConstructorAccessorImpl.newInstance(DelegatingConstructorAccessorImpl.java:45)
		at java.base/java.lang.reflect.Constructor.newInstanceWithCaller(Constructor.java:499)
		at java.base/java.lang.reflect.Constructor.newInstance(Constructor.java:480)
		at org.glassfish.hk2.utilities.reflection.ReflectionHelper.makeMe(ReflectionHelper.java:1356)
		at org.jvnet.hk2.internal.ClazzCreator.createMe(ClazzCreator.java:271)
		at org.jvnet.hk2.internal.ClazzCreator.create(ClazzCreator.java:395)
		at org.jvnet.hk2.internal.SystemDescriptor.create(SystemDescriptor.java:466)
		at org.glassfish.jersey.inject.hk2.RequestContext.findOrCreate(RequestContext.java:59)
		at org.jvnet.hk2.internal.Utilities.createService(Utilities.java:2109)
		at org.jvnet.hk2.internal.ServiceLocatorImpl.internalGetService(ServiceLocatorImpl.java:769)
		at org.jvnet.hk2.internal.ServiceLocatorImpl.internalGetService(ServiceLocatorImpl.java:732)
		at org.jvnet.hk2.internal.ServiceLocatorImpl.getService(ServiceLocatorImpl.java:702)
		at org.glassfish.jersey.inject.hk2.AbstractHk2InjectionManager.getInstance(AbstractHk2InjectionManager.java:160)
		at org.glassfish.jersey.inject.hk2.ImmediateHk2InjectionManager.getInstance(ImmediateHk2InjectionManager.java:30)
		at org.glassfish.jersey.internal.inject.Injections.getOrCreate(Injections.java:122)
		at org.glassfish.jersey.server.model.MethodHandler$ClassBasedMethodHandler.getInstance(MethodHandler.java:260)
		at org.glassfish.jersey.server.internal.routing.PushMethodHandlerRouter.apply(PushMethodHandlerRouter.java:51)
		at org.glassfish.jersey.server.internal.routing.RoutingStage._apply(RoutingStage.java:86)
		at org.glassfish.jersey.server.internal.routing.RoutingStage._apply(RoutingStage.java:89)
		at org.glassfish.jersey.server.internal.routing.RoutingStage._apply(RoutingStage.java:89)
		at org.glassfish.jersey.server.internal.routing.RoutingStage._apply(RoutingStage.java:89)
		at org.glassfish.jersey.server.internal.routing.RoutingStage._apply(RoutingStage.java:89)
		at org.glassfish.jersey.server.internal.routing.RoutingStage.apply(RoutingStage.java:69)
		at org.glassfish.jersey.server.internal.routing.RoutingStage.apply(RoutingStage.java:38)
		at org.glassfish.jersey.process.internal.Stages.process(Stages.java:173)
		at org.glassfish.jersey.server.ServerRuntime$1.run(ServerRuntime.java:253)
		at org.glassfish.jersey.internal.Errors$1.call(Errors.java:248)
		at org.glassfish.jersey.internal.Errors$1.call(Errors.java:244)
		at org.glassfish.jersey.internal.Errors.process(Errors.java:292)
		at org.glassfish.jersey.internal.Errors.process(Errors.java:274)
		at org.glassfish.jersey.internal.Errors.process(Errors.java:244)
		at org.glassfish.jersey.process.internal.RequestScope.runInScope(RequestScope.java:265)
		at org.glassfish.jersey.server.ServerRuntime.process(ServerRuntime.java:240)
		at org.glassfish.jersey.server.ApplicationHandler.handle(ApplicationHandler.java:697)
		at org.glassfish.jersey.servlet.WebComponent.serviceImpl(WebComponent.java:394)
		at org.glassfish.jersey.servlet.WebComponent.service(WebComponent.java:346)
		at org.glassfish.jersey.servlet.ServletContainer.service(ServletContainer.java:357)
		at org.glassfish.jersey.servlet.ServletContainer.service(ServletContainer.java:311)
		at org.glassfish.jersey.servlet.ServletContainer.service(ServletContainer.java:205)
		at org.apache.catalina.core.ApplicationFilterChain.internalDoFilter(ApplicationFilterChain.java:205)
		at org.apache.catalina.core.ApplicationFilterChain.doFilter(ApplicationFilterChain.java:149)
		at org.apache.tomcat.websocket.server.WsFilter.doFilter(WsFilter.java:51)
		at org.apache.catalina.core.ApplicationFilterChain.internalDoFilter(ApplicationFilterChain.java:174)
		at org.apache.catalina.core.ApplicationFilterChain.doFilter(ApplicationFilterChain.java:149)
		at org.apache.catalina.core.StandardWrapperValve.invoke(StandardWrapperValve.java:167)
		at org.apache.catalina.core.StandardContextValve.invoke(StandardContextValve.java:90)
		at org.apache.catalina.authenticator.AuthenticatorBase.invoke(AuthenticatorBase.java:482)
		at org.apache.catalina.core.StandardHostValve.invoke(StandardHostValve.java:115)
		at org.apache.catalina.valves.ErrorReportValve.invoke(ErrorReportValve.java:93)
		at org.apache.catalina.valves.AbstractAccessLogValve.invoke(AbstractAccessLogValve.java:673)
		at org.apache.catalina.core.StandardEngineValve.invoke(StandardEngineValve.java:74)
		at org.apache.catalina.connector.CoyoteAdapter.service(CoyoteAdapter.java:344)
		at org.apache.coyote.http11.Http11Processor.service(Http11Processor.java:391)
		at org.apache.coyote.AbstractProcessorLight.process(AbstractProcessorLight.java:63)
		at org.apache.coyote.AbstractProtocol$ConnectionHandler.process(AbstractProtocol.java:896)
		at org.apache.tomcat.util.net.NioEndpoint$SocketProcessor.doRun(NioEndpoint.java:1744)
		at org.apache.tomcat.util.net.SocketProcessorBase.run(SocketProcessorBase.java:52)
		at org.apache.tomcat.util.threads.ThreadPoolExecutor.runWorker(ThreadPoolExecutor.java:1191)
		at org.apache.tomcat.util.threads.ThreadPoolExecutor$Worker.run(ThreadPoolExecutor.java:659)
		at org.apache.tomcat.util.threads.TaskThread$WrappingRunnable.run(TaskThread.java:63)
		at java.base/java.lang.Thread.run(Thread.java:842)
